<?xml version="1.0" encoding="UTF-8"?>
<!-- Generated by org.testng.reporters.JUnitReportReporter -->
<testsuite hostname="SHIVA-PC" name="com.shivaprathap.Pgm" tests="2" failures="0" timestamp="13 Aug 2015 11:58:42 GMT" time="146.189" errors="0">
  <testcase name="shivaa" time="82.947" classname="com.shivaprathap.Pgm"/>
  <testcase name="shivaa" time="63.242" classname="com.shivaprathap.Pgm"/>
</testsuite> <!-- com.shivaprathap.Pgm -->
