<?xml version="1.0" encoding="UTF-8"?>
<!-- Generated by org.testng.reporters.JUnitReportReporter -->
<testsuite hostname="SHIVA-PC" name="com.shivaprathap.shivaa" tests="1" failures="0" timestamp="12 Aug 2015 15:33:29 GMT" time="17.372" errors="0">
  <testcase name="setup" time="17.372" classname="com.shivaprathap.shivaa"/>
</testsuite> <!-- com.shivaprathap.shivaa -->
